<?xml version="1.0" encoding="UTF-8"?>
<!-- Generated by org.testng.reporters.JUnitReportReporter -->
<testsuite hostname="atchutarao" failures="0" tests="2" name="com.qa.Tests.Tc_Homepage_002" time="30.428" errors="0" timestamp="2024-12-26T15:54:26 IST" skipped="0">
  <testcase classname="com.qa.Tests.Tc_Homepage_002" name="Test1" time="21.220"/>
  <testcase classname="com.qa.Tests.Tc_Homepage_002" name="Test2" time="9.208"/>
</testsuite> <!-- com.qa.Tests.Tc_Homepage_002 -->
