<?xml version="1.0" encoding="UTF-8"?>
<!-- Generated by org.testng.reporters.JUnitReportReporter -->
<testsuite hostname="atchutarao" failures="0" tests="1" name="com.qa.Tests.Tc_LoginTest_001" time="8.560" errors="0" timestamp="2024-12-26T12:15:19 IST" skipped="0">
  <testcase classname="com.qa.Tests.Tc_LoginTest_001" name="browseropen" time="8.560"/>
</testsuite> <!-- com.qa.Tests.Tc_LoginTest_001 -->
